<?xml version="1.0" encoding="UTF-8"?>
<testng-results ignored="0" total="1" passed="1" failed="0" skipped="0">
  <reporter-output>
  </reporter-output>
  <suite started-at="2024-12-09T11:39:30 BDT" name="Surefire suite" finished-at="2024-12-09T11:43:54 BDT" duration-ms="263841">
    <groups>
    </groups>
    <test started-at="2024-12-09T11:39:30 BDT" name="Surefire test" finished-at="2024-12-09T11:43:54 BDT" duration-ms="263841">
      <class name="tests.LoginTest">
        <test-method is-config="true" signature="openUrl(java.lang.String,java.lang.String,java.lang.String)[pri:0, instance:tests.LoginTest@6dbb137d]" started-at="2024-12-09T11:39:30 BDT" name="openUrl" finished-at="2024-12-09T11:43:45 BDT" duration-ms="255018" status="PASS">
          <params>
            <param index="0">
              <value is-null="true"/>
            </param>
            <param index="1">
              <value is-null="true"/>
            </param>
            <param index="2">
              <value is-null="true"/>
            </param>
          </params>
          <reporter-output>
          </reporter-output>
        </test-method> <!-- openUrl -->
        <test-method signature="testLogin()[pri:0, instance:tests.LoginTest@6dbb137d]" started-at="2024-12-09T11:43:46 BDT" name="testLogin" finished-at="2024-12-09T11:43:50 BDT" duration-ms="3513" status="PASS">
          <reporter-output>
          </reporter-output>
        </test-method> <!-- testLogin -->
        <test-method is-config="true" signature="afterClass()[pri:0, instance:tests.LoginTest@6dbb137d]" started-at="2024-12-09T11:43:50 BDT" name="afterClass" finished-at="2024-12-09T11:43:54 BDT" duration-ms="4384" status="PASS">
          <reporter-output>
          </reporter-output>
        </test-method> <!-- afterClass -->
      </class> <!-- tests.LoginTest -->
    </test> <!-- Surefire test -->
  </suite> <!-- Surefire suite -->
</testng-results>
